[2023-05-05T07:43:19.648794+02:00] installer.INFO: Matched route "{route}". {"route":"installer_home","route_parameters":{"_controller":"OrangeHRM\\Installer\\Controller\\HomeController::handle","_route":"installer_home"},"request_uri":"http://localhost/difmhrms/orangehrm-5.3/installer/index.php/","method":"GET"} []
[2023-05-05T07:43:19.883588+02:00] installer.INFO: Matched route "{route}". {"route":"installer_welcome","route_parameters":{"_controller":"OrangeHRM\\Installer\\Controller\\WelcomeController::handle","_route":"installer_welcome"},"request_uri":"http://localhost/difmhrms/orangehrm-5.3/installer/index.php/welcome","method":"GET"} []
[2023-05-05T08:27:47.109169+02:00] installer.INFO: Matched route "{route}". {"route":"installer_home","route_parameters":{"_controller":"OrangeHRM\\Installer\\Controller\\HomeController::handle","_route":"installer_home"},"request_uri":"http://localhost/difmhrms/orangehrm-5.3/installer/index.php/","method":"GET"} []
[2023-05-05T08:27:47.218939+02:00] installer.INFO: Matched route "{route}". {"route":"installer_welcome","route_parameters":{"_controller":"OrangeHRM\\Installer\\Controller\\WelcomeController::handle","_route":"installer_welcome"},"request_uri":"http://localhost/difmhrms/orangehrm-5.3/installer/index.php/welcome","method":"GET"} []
[2023-05-05T08:28:13.068486+02:00] installer.INFO: Matched route "{route}". {"route":"installer_licence_acceptance","route_parameters":{"_controller":"OrangeHRM\\Installer\\Controller\\Installer\\LicenceAcceptanceController::handle","_route":"installer_licence_acceptance"},"request_uri":"http://localhost/difmhrms/orangehrm-5.3/installer/index.php/installer/licence-acceptance","method":"GET"} []
[2023-05-05T08:28:16.644685+02:00] installer.INFO: Matched route "{route}". {"route":"installer_database_config","route_parameters":{"_controller":"OrangeHRM\\Installer\\Controller\\Installer\\DatabaseConfigController::handle","_route":"installer_database_config"},"request_uri":"http://localhost/difmhrms/orangehrm-5.3/installer/index.php/installer/database-config","method":"GET"} []
[2023-05-05T08:28:16.864297+02:00] installer.INFO: Matched route "{route}". {"route":"api_installer_database_config","route_parameters":{"_controller":"OrangeHRM\\Installer\\Controller\\Installer\\Api\\DatabaseConfigAPI::handle","_route":"api_installer_database_config"},"request_uri":"http://localhost/difmhrms/orangehrm-5.3/installer/index.php/installer/api/database-config","method":"GET"} []
[2023-05-05T08:29:44.371394+02:00] installer.INFO: Matched route "{route}". {"route":"api_installer_database_config","route_parameters":{"_controller":"OrangeHRM\\Installer\\Controller\\Installer\\Api\\DatabaseConfigAPI::handle","_route":"api_installer_database_config"},"request_uri":"http://localhost/difmhrms/orangehrm-5.3/installer/index.php/installer/api/database-config","method":"POST"} []
[2023-05-05T08:29:45.261312+02:00] installer.INFO: Instance details: {"os":{"os":"Windows NT","release_name":"10.0","version_info":"build 22000 (Windows 11)"},"php":{"version":"8.2.4"},"mysql":{"client_version":"mysqlnd 8.2.4","server_version":"10.4.28-MariaDB","conn_type":"localhost via TCP\/IP"},"server":"Apache\/2.4.56 (Win64) OpenSSL\/1.1.1t PHP\/8.2.4","ohrm":{"version":"5.3"}} [] []
[2023-05-05T08:30:49.862858+02:00] installer.INFO: Matched route "{route}". {"route":"api_installer_database_config","route_parameters":{"_controller":"OrangeHRM\\Installer\\Controller\\Installer\\Api\\DatabaseConfigAPI::handle","_route":"api_installer_database_config"},"request_uri":"http://localhost/difmhrms/orangehrm-5.3/installer/index.php/installer/api/database-config","method":"POST"} []
[2023-05-05T08:30:49.898660+02:00] installer.INFO: Instance details: {"os":{"os":"Windows NT","release_name":"10.0","version_info":"build 22000 (Windows 11)"},"php":{"version":"8.2.4"},"mysql":{"client_version":"mysqlnd 8.2.4","server_version":"10.4.28-MariaDB","conn_type":"localhost via TCP\/IP"},"server":"Apache\/2.4.56 (Win64) OpenSSL\/1.1.1t PHP\/8.2.4","ohrm":{"version":"5.3"}} [] []
[2023-05-05T08:30:50.033924+02:00] installer.INFO: Matched route "{route}". {"route":"installer_system_check","route_parameters":{"_controller":"OrangeHRM\\Installer\\Controller\\Installer\\SystemCheckController::handle","_route":"installer_system_check"},"request_uri":"http://localhost/difmhrms/orangehrm-5.3/installer/index.php/installer/system-check","method":"GET"} []
[2023-05-05T08:30:50.249196+02:00] installer.INFO: Matched route "{route}". {"route":"api_installer_system_check","route_parameters":{"_controller":"OrangeHRM\\Installer\\Controller\\Installer\\Api\\SystemCheckAPI::handle","_route":"api_installer_system_check"},"request_uri":"http://localhost/difmhrms/orangehrm-5.3/installer/index.php/installer/api/system-check","method":"GET"} []
[2023-05-05T08:32:50.330153+02:00] installer.INFO: Matched route "{route}". {"route":"installer_instance_creation","route_parameters":{"_controller":"OrangeHRM\\Installer\\Controller\\Installer\\InstanceCreationController::handle","_route":"installer_instance_creation"},"request_uri":"http://localhost/difmhrms/orangehrm-5.3/installer/index.php/installer/instance-creation","method":"GET"} []
[2023-05-05T08:32:50.545046+02:00] installer.INFO: Matched route "{route}". {"route":"api_installer_countries","route_parameters":{"_controller":"OrangeHRM\\Installer\\Controller\\Installer\\Api\\CountryAPI::handle","_route":"api_installer_countries"},"request_uri":"http://localhost/difmhrms/orangehrm-5.3/installer/index.php/installer/api/countries","method":"GET"} []
[2023-05-05T08:32:50.692166+02:00] installer.INFO: Matched route "{route}". {"route":"api_installer_languages","route_parameters":{"_controller":"OrangeHRM\\Installer\\Controller\\Installer\\Api\\LanguageAPI::handle","_route":"api_installer_languages"},"request_uri":"http://localhost/difmhrms/orangehrm-5.3/installer/index.php/installer/api/languages","method":"GET"} []
[2023-05-05T08:32:50.817483+02:00] installer.INFO: Matched route "{route}". {"route":"api_installer_timezones","route_parameters":{"_controller":"OrangeHRM\\Installer\\Controller\\Installer\\Api\\TimezoneAPI::handle","_route":"api_installer_timezones"},"request_uri":"http://localhost/difmhrms/orangehrm-5.3/installer/index.php/installer/api/timezones","method":"GET"} []
[2023-05-05T08:32:50.954425+02:00] installer.INFO: Matched route "{route}". {"route":"api_installer_instance","route_parameters":{"_controller":"OrangeHRM\\Installer\\Controller\\Installer\\Api\\InstanceAPI::handle","_route":"api_installer_instance"},"request_uri":"http://localhost/difmhrms/orangehrm-5.3/installer/index.php/installer/api/instance","method":"GET"} []
[2023-05-05T08:33:25.406942+02:00] installer.INFO: Matched route "{route}". {"route":"api_installer_instance","route_parameters":{"_controller":"OrangeHRM\\Installer\\Controller\\Installer\\Api\\InstanceAPI::handle","_route":"api_installer_instance"},"request_uri":"http://localhost/difmhrms/orangehrm-5.3/installer/index.php/installer/api/instance","method":"POST"} []
[2023-05-05T08:33:25.531200+02:00] installer.INFO: Matched route "{route}". {"route":"installer_admin_user_creation","route_parameters":{"_controller":"OrangeHRM\\Installer\\Controller\\Installer\\AdminUserCreationController::handle","_route":"installer_admin_user_creation"},"request_uri":"http://localhost/difmhrms/orangehrm-5.3/installer/index.php/installer/admin-user-creation","method":"GET"} []
[2023-05-05T08:33:25.717525+02:00] installer.INFO: Matched route "{route}". {"route":"api_installer_admin_user","route_parameters":{"_controller":"OrangeHRM\\Installer\\Controller\\Installer\\Api\\AdminUserAPI::handle","_route":"api_installer_admin_user"},"request_uri":"http://localhost/difmhrms/orangehrm-5.3/installer/index.php/installer/api/admin-user","method":"GET"} []
[2023-05-05T08:34:49.117309+02:00] installer.INFO: Matched route "{route}". {"route":"api_installer_admin_user","route_parameters":{"_controller":"OrangeHRM\\Installer\\Controller\\Installer\\Api\\AdminUserAPI::handle","_route":"api_installer_admin_user"},"request_uri":"http://localhost/difmhrms/orangehrm-5.3/installer/index.php/installer/api/admin-user","method":"POST"} []
[2023-05-05T08:34:49.239565+02:00] installer.INFO: Matched route "{route}". {"route":"installer_confirmation","route_parameters":{"_controller":"OrangeHRM\\Installer\\Controller\\Installer\\ConfirmationController::handle","_route":"installer_confirmation"},"request_uri":"http://localhost/difmhrms/orangehrm-5.3/installer/index.php/installer/confirmation","method":"GET"} []
[2023-05-05T08:34:49.469537+02:00] installer.INFO: Matched route "{route}". {"route":"api_installer_database_config","route_parameters":{"_controller":"OrangeHRM\\Installer\\Controller\\Installer\\Api\\DatabaseConfigAPI::handle","_route":"api_installer_database_config"},"request_uri":"http://localhost/difmhrms/orangehrm-5.3/installer/index.php/installer/api/database-config","method":"GET"} []
[2023-05-05T08:34:49.580420+02:00] installer.INFO: Matched route "{route}". {"route":"api_installer_admin_user","route_parameters":{"_controller":"OrangeHRM\\Installer\\Controller\\Installer\\Api\\AdminUserAPI::handle","_route":"api_installer_admin_user"},"request_uri":"http://localhost/difmhrms/orangehrm-5.3/installer/index.php/installer/api/admin-user","method":"GET"} []
[2023-05-05T08:34:55.065455+02:00] installer.INFO: Matched route "{route}". {"route":"installer_process","route_parameters":{"_controller":"OrangeHRM\\Installer\\Controller\\Installer\\InstallerController::handle","_route":"installer_process"},"request_uri":"http://localhost/difmhrms/orangehrm-5.3/installer/index.php/installer/process","method":"GET"} []
[2023-05-05T08:34:55.285466+02:00] installer.INFO: Matched route "{route}". {"route":"api_installer_start_registration","route_parameters":{"_controller":"OrangeHRM\\Installer\\Controller\\Installer\\Api\\InstallerDataRegistrationAPI::handle","_route":"api_installer_start_registration"},"request_uri":"http://localhost/difmhrms/orangehrm-5.3/installer/index.php/installer/api/send-data/installer-start","method":"POST"} []
[2023-05-05T08:34:55.358943+02:00] installer.INFO: Matched route "{route}". {"route":"api_installer_database","route_parameters":{"_controller":"OrangeHRM\\Installer\\Controller\\Installer\\Api\\InstallationDatabaseAPI::handle","_route":"api_installer_database"},"request_uri":"http://localhost/difmhrms/orangehrm-5.3/installer/index.php/installer/api/installation/database","method":"POST"} []
[2023-05-05T08:34:55.409220+02:00] installer.INFO: Instance details: {"os":{"os":"Windows NT","release_name":"10.0","version_info":"build 22000 (Windows 11)"},"php":{"version":"8.2.4"},"mysql":{"client_version":"mysqlnd 8.2.4","server_version":"10.4.28-MariaDB","conn_type":"localhost via TCP\/IP"},"server":"Apache\/2.4.56 (Win64) OpenSSL\/1.1.1t PHP\/8.2.4","ohrm":{"version":"5.3"}} [] []
[2023-05-05T08:34:55.514646+02:00] installer.INFO: Matched route "{route}". {"route":"api_installer_pre_migration_check","route_parameters":{"_controller":"OrangeHRM\\Installer\\Controller\\Installer\\Api\\PreMigrationCheck::handle","_route":"api_installer_pre_migration_check"},"request_uri":"http://localhost/difmhrms/orangehrm-5.3/installer/index.php/installer/api/installation/pre-migration","method":"POST"} []
[2023-05-05T08:34:55.563625+02:00] installer.INFO: Instance details: {"os":{"os":"Windows NT","release_name":"10.0","version_info":"build 22000 (Windows 11)"},"php":{"version":"8.2.4"},"mysql":{"client_version":"mysqlnd 8.2.4","server_version":"10.4.28-MariaDB","conn_type":"localhost via TCP\/IP"},"server":"Apache\/2.4.56 (Win64) OpenSSL\/1.1.1t PHP\/8.2.4","ohrm":{"version":"5.3"}} [] []
[2023-05-05T08:34:56.204446+02:00] installer.INFO: Matched route "{route}". {"route":"api_installer_versions","route_parameters":{"_controller":"OrangeHRM\\Installer\\Controller\\Installer\\Api\\VersionAPI::handle","_route":"api_installer_versions"},"request_uri":"http://localhost/difmhrms/orangehrm-5.3/installer/index.php/installer/api/versions?excludeLatest=false","method":"GET"} []
[2023-05-05T08:34:56.339264+02:00] installer.INFO: Matched route "{route}". {"route":"api_installer_migration","route_parameters":{"_controller":"OrangeHRM\\Installer\\Controller\\Installer\\Api\\MigrationAPI::handle","_route":"api_installer_migration"},"request_uri":"http://localhost/difmhrms/orangehrm-5.3/installer/index.php/installer/api/installation/migration","method":"POST"} []
[2023-05-05T08:34:56.418694+02:00] installer.INFO: {"version":"3.3.3"} [] []
[2023-05-05T08:34:56.506181+02:00] installer.INFO: Instance details: {"os":{"os":"Windows NT","release_name":"10.0","version_info":"build 22000 (Windows 11)"},"php":{"version":"8.2.4"},"mysql":{"client_version":"mysqlnd 8.2.4","server_version":"10.4.28-MariaDB","conn_type":"localhost via TCP\/IP"},"server":"Apache\/2.4.56 (Win64) OpenSSL\/1.1.1t PHP\/8.2.4","ohrm":{"version":"5.3"}} [] []
[2023-05-05T08:35:02.942992+02:00] installer.INFO: Matched route "{route}". {"route":"api_installer_migration","route_parameters":{"_controller":"OrangeHRM\\Installer\\Controller\\Installer\\Api\\MigrationAPI::handle","_route":"api_installer_migration"},"request_uri":"http://localhost/difmhrms/orangehrm-5.3/installer/index.php/installer/api/installation/migration","method":"POST"} []
[2023-05-05T08:35:02.952507+02:00] installer.INFO: {"version":"4.0"} [] []
[2023-05-05T08:35:03.002563+02:00] installer.INFO: Instance details: {"os":{"os":"Windows NT","release_name":"10.0","version_info":"build 22000 (Windows 11)"},"php":{"version":"8.2.4"},"mysql":{"client_version":"mysqlnd 8.2.4","server_version":"10.4.28-MariaDB","conn_type":"localhost via TCP\/IP"},"server":"Apache\/2.4.56 (Win64) OpenSSL\/1.1.1t PHP\/8.2.4","ohrm":{"version":"5.3"}} [] []
[2023-05-05T08:35:03.180287+02:00] installer.INFO: Matched route "{route}". {"route":"api_installer_migration","route_parameters":{"_controller":"OrangeHRM\\Installer\\Controller\\Installer\\Api\\MigrationAPI::handle","_route":"api_installer_migration"},"request_uri":"http://localhost/difmhrms/orangehrm-5.3/installer/index.php/installer/api/installation/migration","method":"POST"} []
[2023-05-05T08:35:03.189449+02:00] installer.INFO: {"version":"4.1"} [] []
[2023-05-05T08:35:03.220144+02:00] installer.INFO: Instance details: {"os":{"os":"Windows NT","release_name":"10.0","version_info":"build 22000 (Windows 11)"},"php":{"version":"8.2.4"},"mysql":{"client_version":"mysqlnd 8.2.4","server_version":"10.4.28-MariaDB","conn_type":"localhost via TCP\/IP"},"server":"Apache\/2.4.56 (Win64) OpenSSL\/1.1.1t PHP\/8.2.4","ohrm":{"version":"5.3"}} [] []
[2023-05-05T08:35:03.479646+02:00] installer.INFO: Matched route "{route}". {"route":"api_installer_migration","route_parameters":{"_controller":"OrangeHRM\\Installer\\Controller\\Installer\\Api\\MigrationAPI::handle","_route":"api_installer_migration"},"request_uri":"http://localhost/difmhrms/orangehrm-5.3/installer/index.php/installer/api/installation/migration","method":"POST"} []
[2023-05-05T08:35:03.487858+02:00] installer.INFO: {"version":"4.1.1"} [] []
[2023-05-05T08:35:03.513016+02:00] installer.INFO: Instance details: {"os":{"os":"Windows NT","release_name":"10.0","version_info":"build 22000 (Windows 11)"},"php":{"version":"8.2.4"},"mysql":{"client_version":"mysqlnd 8.2.4","server_version":"10.4.28-MariaDB","conn_type":"localhost via TCP\/IP"},"server":"Apache\/2.4.56 (Win64) OpenSSL\/1.1.1t PHP\/8.2.4","ohrm":{"version":"5.3"}} [] []
[2023-05-05T08:35:03.842323+02:00] installer.INFO: Matched route "{route}". {"route":"api_installer_migration","route_parameters":{"_controller":"OrangeHRM\\Installer\\Controller\\Installer\\Api\\MigrationAPI::handle","_route":"api_installer_migration"},"request_uri":"http://localhost/difmhrms/orangehrm-5.3/installer/index.php/installer/api/installation/migration","method":"POST"} []
[2023-05-05T08:35:03.851084+02:00] installer.INFO: {"version":"4.1.2"} [] []
[2023-05-05T08:35:03.897907+02:00] installer.INFO: Instance details: {"os":{"os":"Windows NT","release_name":"10.0","version_info":"build 22000 (Windows 11)"},"php":{"version":"8.2.4"},"mysql":{"client_version":"mysqlnd 8.2.4","server_version":"10.4.28-MariaDB","conn_type":"localhost via TCP\/IP"},"server":"Apache\/2.4.56 (Win64) OpenSSL\/1.1.1t PHP\/8.2.4","ohrm":{"version":"5.3"}} [] []
[2023-05-05T08:35:04.035042+02:00] installer.INFO: Matched route "{route}". {"route":"api_installer_migration","route_parameters":{"_controller":"OrangeHRM\\Installer\\Controller\\Installer\\Api\\MigrationAPI::handle","_route":"api_installer_migration"},"request_uri":"http://localhost/difmhrms/orangehrm-5.3/installer/index.php/installer/api/installation/migration","method":"POST"} []
[2023-05-05T08:35:04.042437+02:00] installer.INFO: {"version":"4.1.2.1"} [] []
[2023-05-05T08:35:04.086795+02:00] installer.INFO: Instance details: {"os":{"os":"Windows NT","release_name":"10.0","version_info":"build 22000 (Windows 11)"},"php":{"version":"8.2.4"},"mysql":{"client_version":"mysqlnd 8.2.4","server_version":"10.4.28-MariaDB","conn_type":"localhost via TCP\/IP"},"server":"Apache\/2.4.56 (Win64) OpenSSL\/1.1.1t PHP\/8.2.4","ohrm":{"version":"5.3"}} [] []
[2023-05-05T08:35:04.225984+02:00] installer.INFO: Matched route "{route}". {"route":"api_installer_migration","route_parameters":{"_controller":"OrangeHRM\\Installer\\Controller\\Installer\\Api\\MigrationAPI::handle","_route":"api_installer_migration"},"request_uri":"http://localhost/difmhrms/orangehrm-5.3/installer/index.php/installer/api/installation/migration","method":"POST"} []
[2023-05-05T08:35:04.235782+02:00] installer.INFO: {"version":"4.2"} [] []
[2023-05-05T08:35:04.280102+02:00] installer.INFO: Instance details: {"os":{"os":"Windows NT","release_name":"10.0","version_info":"build 22000 (Windows 11)"},"php":{"version":"8.2.4"},"mysql":{"client_version":"mysqlnd 8.2.4","server_version":"10.4.28-MariaDB","conn_type":"localhost via TCP\/IP"},"server":"Apache\/2.4.56 (Win64) OpenSSL\/1.1.1t PHP\/8.2.4","ohrm":{"version":"5.3"}} [] []
[2023-05-05T08:35:04.585665+02:00] installer.INFO: Matched route "{route}". {"route":"api_installer_migration","route_parameters":{"_controller":"OrangeHRM\\Installer\\Controller\\Installer\\Api\\MigrationAPI::handle","_route":"api_installer_migration"},"request_uri":"http://localhost/difmhrms/orangehrm-5.3/installer/index.php/installer/api/installation/migration","method":"POST"} []
[2023-05-05T08:35:04.593988+02:00] installer.INFO: {"version":"4.2.0.1"} [] []
[2023-05-05T08:35:04.619331+02:00] installer.INFO: Instance details: {"os":{"os":"Windows NT","release_name":"10.0","version_info":"build 22000 (Windows 11)"},"php":{"version":"8.2.4"},"mysql":{"client_version":"mysqlnd 8.2.4","server_version":"10.4.28-MariaDB","conn_type":"localhost via TCP\/IP"},"server":"Apache\/2.4.56 (Win64) OpenSSL\/1.1.1t PHP\/8.2.4","ohrm":{"version":"5.3"}} [] []
[2023-05-05T08:35:04.756381+02:00] installer.INFO: Matched route "{route}". {"route":"api_installer_migration","route_parameters":{"_controller":"OrangeHRM\\Installer\\Controller\\Installer\\Api\\MigrationAPI::handle","_route":"api_installer_migration"},"request_uri":"http://localhost/difmhrms/orangehrm-5.3/installer/index.php/installer/api/installation/migration","method":"POST"} []
[2023-05-05T08:35:04.765224+02:00] installer.INFO: {"version":"4.3"} [] []
[2023-05-05T08:35:04.812313+02:00] installer.INFO: Instance details: {"os":{"os":"Windows NT","release_name":"10.0","version_info":"build 22000 (Windows 11)"},"php":{"version":"8.2.4"},"mysql":{"client_version":"mysqlnd 8.2.4","server_version":"10.4.28-MariaDB","conn_type":"localhost via TCP\/IP"},"server":"Apache\/2.4.56 (Win64) OpenSSL\/1.1.1t PHP\/8.2.4","ohrm":{"version":"5.3"}} [] []
[2023-05-05T08:35:04.996117+02:00] installer.INFO: Matched route "{route}". {"route":"api_installer_migration","route_parameters":{"_controller":"OrangeHRM\\Installer\\Controller\\Installer\\Api\\MigrationAPI::handle","_route":"api_installer_migration"},"request_uri":"http://localhost/difmhrms/orangehrm-5.3/installer/index.php/installer/api/installation/migration","method":"POST"} []
[2023-05-05T08:35:05.004844+02:00] installer.INFO: {"version":"4.3.1"} [] []
[2023-05-05T08:35:05.030547+02:00] installer.INFO: Instance details: {"os":{"os":"Windows NT","release_name":"10.0","version_info":"build 22000 (Windows 11)"},"php":{"version":"8.2.4"},"mysql":{"client_version":"mysqlnd 8.2.4","server_version":"10.4.28-MariaDB","conn_type":"localhost via TCP\/IP"},"server":"Apache\/2.4.56 (Win64) OpenSSL\/1.1.1t PHP\/8.2.4","ohrm":{"version":"5.3"}} [] []
[2023-05-05T08:35:05.184263+02:00] installer.INFO: Matched route "{route}". {"route":"api_installer_migration","route_parameters":{"_controller":"OrangeHRM\\Installer\\Controller\\Installer\\Api\\MigrationAPI::handle","_route":"api_installer_migration"},"request_uri":"http://localhost/difmhrms/orangehrm-5.3/installer/index.php/installer/api/installation/migration","method":"POST"} []
[2023-05-05T08:35:05.191804+02:00] installer.INFO: {"version":"4.3.2"} [] []
[2023-05-05T08:35:05.239324+02:00] installer.INFO: Instance details: {"os":{"os":"Windows NT","release_name":"10.0","version_info":"build 22000 (Windows 11)"},"php":{"version":"8.2.4"},"mysql":{"client_version":"mysqlnd 8.2.4","server_version":"10.4.28-MariaDB","conn_type":"localhost via TCP\/IP"},"server":"Apache\/2.4.56 (Win64) OpenSSL\/1.1.1t PHP\/8.2.4","ohrm":{"version":"5.3"}} [] []
[2023-05-05T08:35:05.402171+02:00] installer.INFO: Matched route "{route}". {"route":"api_installer_migration","route_parameters":{"_controller":"OrangeHRM\\Installer\\Controller\\Installer\\Api\\MigrationAPI::handle","_route":"api_installer_migration"},"request_uri":"http://localhost/difmhrms/orangehrm-5.3/installer/index.php/installer/api/installation/migration","method":"POST"} []
[2023-05-05T08:35:05.409836+02:00] installer.INFO: {"version":"4.3.3"} [] []
[2023-05-05T08:35:05.434911+02:00] installer.INFO: Instance details: {"os":{"os":"Windows NT","release_name":"10.0","version_info":"build 22000 (Windows 11)"},"php":{"version":"8.2.4"},"mysql":{"client_version":"mysqlnd 8.2.4","server_version":"10.4.28-MariaDB","conn_type":"localhost via TCP\/IP"},"server":"Apache\/2.4.56 (Win64) OpenSSL\/1.1.1t PHP\/8.2.4","ohrm":{"version":"5.3"}} [] []
[2023-05-05T08:35:05.908586+02:00] installer.INFO: Matched route "{route}". {"route":"api_installer_migration","route_parameters":{"_controller":"OrangeHRM\\Installer\\Controller\\Installer\\Api\\MigrationAPI::handle","_route":"api_installer_migration"},"request_uri":"http://localhost/difmhrms/orangehrm-5.3/installer/index.php/installer/api/installation/migration","method":"POST"} []
[2023-05-05T08:35:05.917924+02:00] installer.INFO: {"version":"4.3.4"} [] []
[2023-05-05T08:35:05.963698+02:00] installer.INFO: Instance details: {"os":{"os":"Windows NT","release_name":"10.0","version_info":"build 22000 (Windows 11)"},"php":{"version":"8.2.4"},"mysql":{"client_version":"mysqlnd 8.2.4","server_version":"10.4.28-MariaDB","conn_type":"localhost via TCP\/IP"},"server":"Apache\/2.4.56 (Win64) OpenSSL\/1.1.1t PHP\/8.2.4","ohrm":{"version":"5.3"}} [] []
[2023-05-05T08:35:06.118771+02:00] installer.INFO: Matched route "{route}". {"route":"api_installer_migration","route_parameters":{"_controller":"OrangeHRM\\Installer\\Controller\\Installer\\Api\\MigrationAPI::handle","_route":"api_installer_migration"},"request_uri":"http://localhost/difmhrms/orangehrm-5.3/installer/index.php/installer/api/installation/migration","method":"POST"} []
[2023-05-05T08:35:06.125808+02:00] installer.INFO: {"version":"4.3.5"} [] []
[2023-05-05T08:35:06.151195+02:00] installer.INFO: Instance details: {"os":{"os":"Windows NT","release_name":"10.0","version_info":"build 22000 (Windows 11)"},"php":{"version":"8.2.4"},"mysql":{"client_version":"mysqlnd 8.2.4","server_version":"10.4.28-MariaDB","conn_type":"localhost via TCP\/IP"},"server":"Apache\/2.4.56 (Win64) OpenSSL\/1.1.1t PHP\/8.2.4","ohrm":{"version":"5.3"}} [] []
[2023-05-05T08:35:06.286543+02:00] installer.INFO: Matched route "{route}". {"route":"api_installer_migration","route_parameters":{"_controller":"OrangeHRM\\Installer\\Controller\\Installer\\Api\\MigrationAPI::handle","_route":"api_installer_migration"},"request_uri":"http://localhost/difmhrms/orangehrm-5.3/installer/index.php/installer/api/installation/migration","method":"POST"} []
[2023-05-05T08:35:06.295180+02:00] installer.INFO: {"version":"4.4"} [] []
[2023-05-05T08:35:06.352119+02:00] installer.INFO: Instance details: {"os":{"os":"Windows NT","release_name":"10.0","version_info":"build 22000 (Windows 11)"},"php":{"version":"8.2.4"},"mysql":{"client_version":"mysqlnd 8.2.4","server_version":"10.4.28-MariaDB","conn_type":"localhost via TCP\/IP"},"server":"Apache\/2.4.56 (Win64) OpenSSL\/1.1.1t PHP\/8.2.4","ohrm":{"version":"5.3"}} [] []
[2023-05-05T08:35:07.368810+02:00] installer.INFO: Matched route "{route}". {"route":"api_installer_migration","route_parameters":{"_controller":"OrangeHRM\\Installer\\Controller\\Installer\\Api\\MigrationAPI::handle","_route":"api_installer_migration"},"request_uri":"http://localhost/difmhrms/orangehrm-5.3/installer/index.php/installer/api/installation/migration","method":"POST"} []
[2023-05-05T08:35:07.376024+02:00] installer.INFO: {"version":"4.5"} [] []
[2023-05-05T08:35:07.426533+02:00] installer.INFO: Instance details: {"os":{"os":"Windows NT","release_name":"10.0","version_info":"build 22000 (Windows 11)"},"php":{"version":"8.2.4"},"mysql":{"client_version":"mysqlnd 8.2.4","server_version":"10.4.28-MariaDB","conn_type":"localhost via TCP\/IP"},"server":"Apache\/2.4.56 (Win64) OpenSSL\/1.1.1t PHP\/8.2.4","ohrm":{"version":"5.3"}} [] []
[2023-05-05T08:35:07.614396+02:00] installer.INFO: Matched route "{route}". {"route":"api_installer_migration","route_parameters":{"_controller":"OrangeHRM\\Installer\\Controller\\Installer\\Api\\MigrationAPI::handle","_route":"api_installer_migration"},"request_uri":"http://localhost/difmhrms/orangehrm-5.3/installer/index.php/installer/api/installation/migration","method":"POST"} []
[2023-05-05T08:35:07.622221+02:00] installer.INFO: {"version":"4.6"} [] []
[2023-05-05T08:35:07.671055+02:00] installer.INFO: Instance details: {"os":{"os":"Windows NT","release_name":"10.0","version_info":"build 22000 (Windows 11)"},"php":{"version":"8.2.4"},"mysql":{"client_version":"mysqlnd 8.2.4","server_version":"10.4.28-MariaDB","conn_type":"localhost via TCP\/IP"},"server":"Apache\/2.4.56 (Win64) OpenSSL\/1.1.1t PHP\/8.2.4","ohrm":{"version":"5.3"}} [] []
[2023-05-05T08:35:08.503689+02:00] installer.INFO: Matched route "{route}". {"route":"api_installer_migration","route_parameters":{"_controller":"OrangeHRM\\Installer\\Controller\\Installer\\Api\\MigrationAPI::handle","_route":"api_installer_migration"},"request_uri":"http://localhost/difmhrms/orangehrm-5.3/installer/index.php/installer/api/installation/migration","method":"POST"} []
[2023-05-05T08:35:08.511342+02:00] installer.INFO: {"version":"4.6.0.1"} [] []
[2023-05-05T08:35:08.556769+02:00] installer.INFO: Instance details: {"os":{"os":"Windows NT","release_name":"10.0","version_info":"build 22000 (Windows 11)"},"php":{"version":"8.2.4"},"mysql":{"client_version":"mysqlnd 8.2.4","server_version":"10.4.28-MariaDB","conn_type":"localhost via TCP\/IP"},"server":"Apache\/2.4.56 (Win64) OpenSSL\/1.1.1t PHP\/8.2.4","ohrm":{"version":"5.3"}} [] []
[2023-05-05T08:35:08.701774+02:00] installer.INFO: Matched route "{route}". {"route":"api_installer_migration","route_parameters":{"_controller":"OrangeHRM\\Installer\\Controller\\Installer\\Api\\MigrationAPI::handle","_route":"api_installer_migration"},"request_uri":"http://localhost/difmhrms/orangehrm-5.3/installer/index.php/installer/api/installation/migration","method":"POST"} []
[2023-05-05T08:35:08.709226+02:00] installer.INFO: {"version":"4.7"} [] []
[2023-05-05T08:35:08.735167+02:00] installer.INFO: Instance details: {"os":{"os":"Windows NT","release_name":"10.0","version_info":"build 22000 (Windows 11)"},"php":{"version":"8.2.4"},"mysql":{"client_version":"mysqlnd 8.2.4","server_version":"10.4.28-MariaDB","conn_type":"localhost via TCP\/IP"},"server":"Apache\/2.4.56 (Win64) OpenSSL\/1.1.1t PHP\/8.2.4","ohrm":{"version":"5.3"}} [] []
[2023-05-05T08:35:08.870132+02:00] installer.INFO: Matched route "{route}". {"route":"api_installer_migration","route_parameters":{"_controller":"OrangeHRM\\Installer\\Controller\\Installer\\Api\\MigrationAPI::handle","_route":"api_installer_migration"},"request_uri":"http://localhost/difmhrms/orangehrm-5.3/installer/index.php/installer/api/installation/migration","method":"POST"} []
[2023-05-05T08:35:08.877229+02:00] installer.INFO: {"version":"4.8"} [] []
[2023-05-05T08:35:08.925639+02:00] installer.INFO: Instance details: {"os":{"os":"Windows NT","release_name":"10.0","version_info":"build 22000 (Windows 11)"},"php":{"version":"8.2.4"},"mysql":{"client_version":"mysqlnd 8.2.4","server_version":"10.4.28-MariaDB","conn_type":"localhost via TCP\/IP"},"server":"Apache\/2.4.56 (Win64) OpenSSL\/1.1.1t PHP\/8.2.4","ohrm":{"version":"5.3"}} [] []
[2023-05-05T08:35:09.068537+02:00] installer.INFO: Matched route "{route}". {"route":"api_installer_migration","route_parameters":{"_controller":"OrangeHRM\\Installer\\Controller\\Installer\\Api\\MigrationAPI::handle","_route":"api_installer_migration"},"request_uri":"http://localhost/difmhrms/orangehrm-5.3/installer/index.php/installer/api/installation/migration","method":"POST"} []
[2023-05-05T08:35:09.075501+02:00] installer.INFO: {"version":"4.9"} [] []
[2023-05-05T08:35:09.118174+02:00] installer.INFO: Instance details: {"os":{"os":"Windows NT","release_name":"10.0","version_info":"build 22000 (Windows 11)"},"php":{"version":"8.2.4"},"mysql":{"client_version":"mysqlnd 8.2.4","server_version":"10.4.28-MariaDB","conn_type":"localhost via TCP\/IP"},"server":"Apache\/2.4.56 (Win64) OpenSSL\/1.1.1t PHP\/8.2.4","ohrm":{"version":"5.3"}} [] []
[2023-05-05T08:35:09.513420+02:00] installer.INFO: Matched route "{route}". {"route":"api_installer_migration","route_parameters":{"_controller":"OrangeHRM\\Installer\\Controller\\Installer\\Api\\MigrationAPI::handle","_route":"api_installer_migration"},"request_uri":"http://localhost/difmhrms/orangehrm-5.3/installer/index.php/installer/api/installation/migration","method":"POST"} []
[2023-05-05T08:35:09.522178+02:00] installer.INFO: {"version":"4.10"} [] []
[2023-05-05T08:35:09.568950+02:00] installer.INFO: Instance details: {"os":{"os":"Windows NT","release_name":"10.0","version_info":"build 22000 (Windows 11)"},"php":{"version":"8.2.4"},"mysql":{"client_version":"mysqlnd 8.2.4","server_version":"10.4.28-MariaDB","conn_type":"localhost via TCP\/IP"},"server":"Apache\/2.4.56 (Win64) OpenSSL\/1.1.1t PHP\/8.2.4","ohrm":{"version":"5.3"}} [] []
[2023-05-05T08:35:09.703394+02:00] installer.INFO: Matched route "{route}". {"route":"api_installer_migration","route_parameters":{"_controller":"OrangeHRM\\Installer\\Controller\\Installer\\Api\\MigrationAPI::handle","_route":"api_installer_migration"},"request_uri":"http://localhost/difmhrms/orangehrm-5.3/installer/index.php/installer/api/installation/migration","method":"POST"} []
[2023-05-05T08:35:09.710464+02:00] installer.INFO: {"version":"4.10.1"} [] []
[2023-05-05T08:35:09.735382+02:00] installer.INFO: Instance details: {"os":{"os":"Windows NT","release_name":"10.0","version_info":"build 22000 (Windows 11)"},"php":{"version":"8.2.4"},"mysql":{"client_version":"mysqlnd 8.2.4","server_version":"10.4.28-MariaDB","conn_type":"localhost via TCP\/IP"},"server":"Apache\/2.4.56 (Win64) OpenSSL\/1.1.1t PHP\/8.2.4","ohrm":{"version":"5.3"}} [] []
[2023-05-05T08:35:09.868879+02:00] installer.INFO: Matched route "{route}". {"route":"api_installer_migration","route_parameters":{"_controller":"OrangeHRM\\Installer\\Controller\\Installer\\Api\\MigrationAPI::handle","_route":"api_installer_migration"},"request_uri":"http://localhost/difmhrms/orangehrm-5.3/installer/index.php/installer/api/installation/migration","method":"POST"} []
[2023-05-05T08:35:09.875875+02:00] installer.INFO: {"version":"5.0"} [] []
[2023-05-05T08:35:09.928651+02:00] installer.INFO: Instance details: {"os":{"os":"Windows NT","release_name":"10.0","version_info":"build 22000 (Windows 11)"},"php":{"version":"8.2.4"},"mysql":{"client_version":"mysqlnd 8.2.4","server_version":"10.4.28-MariaDB","conn_type":"localhost via TCP\/IP"},"server":"Apache\/2.4.56 (Win64) OpenSSL\/1.1.1t PHP\/8.2.4","ohrm":{"version":"5.3"}} [] []
[2023-05-05T08:35:29.769920+02:00] installer.INFO: Matched route "{route}". {"route":"api_installer_migration","route_parameters":{"_controller":"OrangeHRM\\Installer\\Controller\\Installer\\Api\\MigrationAPI::handle","_route":"api_installer_migration"},"request_uri":"http://localhost/difmhrms/orangehrm-5.3/installer/index.php/installer/api/installation/migration","method":"POST"} []
[2023-05-05T08:35:29.778014+02:00] installer.INFO: {"version":"5.1"} [] []
[2023-05-05T08:35:29.831134+02:00] installer.INFO: Instance details: {"os":{"os":"Windows NT","release_name":"10.0","version_info":"build 22000 (Windows 11)"},"php":{"version":"8.2.4"},"mysql":{"client_version":"mysqlnd 8.2.4","server_version":"10.4.28-MariaDB","conn_type":"localhost via TCP\/IP"},"server":"Apache\/2.4.56 (Win64) OpenSSL\/1.1.1t PHP\/8.2.4","ohrm":{"version":"5.3"}} [] []
[2023-05-05T08:35:33.931722+02:00] installer.INFO: Matched route "{route}". {"route":"api_installer_migration","route_parameters":{"_controller":"OrangeHRM\\Installer\\Controller\\Installer\\Api\\MigrationAPI::handle","_route":"api_installer_migration"},"request_uri":"http://localhost/difmhrms/orangehrm-5.3/installer/index.php/installer/api/installation/migration","method":"POST"} []
[2023-05-05T08:35:33.940213+02:00] installer.INFO: {"version":"5.2"} [] []
[2023-05-05T08:35:33.983795+02:00] installer.INFO: Instance details: {"os":{"os":"Windows NT","release_name":"10.0","version_info":"build 22000 (Windows 11)"},"php":{"version":"8.2.4"},"mysql":{"client_version":"mysqlnd 8.2.4","server_version":"10.4.28-MariaDB","conn_type":"localhost via TCP\/IP"},"server":"Apache\/2.4.56 (Win64) OpenSSL\/1.1.1t PHP\/8.2.4","ohrm":{"version":"5.3"}} [] []
[2023-05-05T08:35:36.183685+02:00] installer.INFO: Deleting invalid config values [] []
[2023-05-05T08:35:36.202580+02:00] installer.INFO: Deleting: `https://opensourcehelp.orangehrm.com` => `` from `hs_hr_config` [] []
[2023-05-05T08:35:36.223004+02:00] installer.INFO: Deleting: `ZendeskHelpProcessor` => `` from `hs_hr_config` [] []
[2023-05-05T08:35:36.223229+02:00] installer.INFO: Deleting legacy config values [] []
[2023-05-05T08:35:36.246718+02:00] installer.INFO: Deleting: `ldap_domain_name` => `` from `hs_hr_config` [] []
[2023-05-05T08:35:36.268242+02:00] installer.INFO: Deleting: `ldap_port` => `` from `hs_hr_config` [] []
[2023-05-05T08:35:36.289085+02:00] installer.INFO: Deleting: `ldap_server` => `` from `hs_hr_config` [] []
[2023-05-05T08:35:36.312908+02:00] installer.INFO: Deleting: `ldap_status` => `` from `hs_hr_config` [] []
[2023-05-05T08:35:36.333955+02:00] installer.INFO: Deleting: `beacon.activation_acceptance_status` => `off` from `hs_hr_config` [] []
[2023-05-05T08:35:36.355292+02:00] installer.INFO: Deleting: `beacon.activiation_status` => `off` from `hs_hr_config` [] []
[2023-05-05T08:35:36.376999+02:00] installer.INFO: Deleting: `beacon.company_name` => `` from `hs_hr_config` [] []
[2023-05-05T08:35:36.398743+02:00] installer.INFO: Deleting: `beacon.flash_period` => `120` from `hs_hr_config` [] []
[2023-05-05T08:35:36.420038+02:00] installer.INFO: Deleting: `beacon.lock` => `unlocked` from `hs_hr_config` [] []
[2023-05-05T08:35:36.441326+02:00] installer.INFO: Deleting: `beacon.next_flash_time` => `0000-00-00` from `hs_hr_config` [] []
[2023-05-05T08:35:36.463623+02:00] installer.INFO: Deleting: `beacon.uuid` => `0` from `hs_hr_config` [] []
[2023-05-05T08:35:36.484794+02:00] installer.INFO: Deleting: `showSIN` => `0` from `hs_hr_config` [] []
[2023-05-05T08:35:36.506753+02:00] installer.INFO: Deleting: `showSSN` => `0` from `hs_hr_config` [] []
[2023-05-05T08:35:36.528802+02:00] installer.INFO: Deleting: `showTaxExemptions` => `0` from `hs_hr_config` [] []
[2023-05-05T08:35:36.549323+02:00] installer.INFO: Deleting: `report.mysql_group_concat_max_len` => `2048` from `hs_hr_config` [] []
[2023-05-05T08:35:36.571709+02:00] installer.INFO: Deleting: `attendanceEmpEditSubmitted` => `No` from `hs_hr_config` [] []
[2023-05-05T08:35:36.592154+02:00] installer.INFO: Deleting: `attendanceSupEditSubmitted` => `No` from `hs_hr_config` [] []
[2023-05-05T08:35:36.613857+02:00] installer.INFO: Deleting: `hsp_accrued_last_updated` => `0000-00-00` from `hs_hr_config` [] []
[2023-05-05T08:35:36.633773+02:00] installer.INFO: Deleting: `hsp_current_plan` => `0` from `hs_hr_config` [] []
[2023-05-05T08:35:36.655728+02:00] installer.INFO: Deleting: `hsp_used_last_updated` => `0000-00-00` from `hs_hr_config` [] []
[2023-05-05T08:35:36.782871+02:00] installer.INFO: Matched route "{route}". {"route":"api_installer_migration","route_parameters":{"_controller":"OrangeHRM\\Installer\\Controller\\Installer\\Api\\MigrationAPI::handle","_route":"api_installer_migration"},"request_uri":"http://localhost/difmhrms/orangehrm-5.3/installer/index.php/installer/api/installation/migration","method":"POST"} []
[2023-05-05T08:35:36.790171+02:00] installer.INFO: {"version":"5.3"} [] []
[2023-05-05T08:35:36.834498+02:00] installer.INFO: Instance details: {"os":{"os":"Windows NT","release_name":"10.0","version_info":"build 22000 (Windows 11)"},"php":{"version":"8.2.4"},"mysql":{"client_version":"mysqlnd 8.2.4","server_version":"10.4.28-MariaDB","conn_type":"localhost via TCP\/IP"},"server":"Apache\/2.4.56 (Win64) OpenSSL\/1.1.1t PHP\/8.2.4","ohrm":{"version":"5.3"}} [] []
[2023-05-05T08:35:37.548481+02:00] installer.INFO: Server timezone: Europe/Berlin [] []
[2023-05-05T08:35:37.549588+02:00] installer.INFO: `ohrm_buzz_comment` record count: 0 [] []
[2023-05-05T08:35:37.550093+02:00] installer.INFO: `ohrm_buzz_like_on_comment` record count: 0 [] []
[2023-05-05T08:35:37.550496+02:00] installer.INFO: `ohrm_buzz_like_on_share` record count: 0 [] []
[2023-05-05T08:35:37.551509+02:00] installer.INFO: `ohrm_buzz_post` record count: 0 [] []
[2023-05-05T08:35:37.552799+02:00] installer.INFO: `ohrm_buzz_share` record count: 0 [] []
[2023-05-05T08:35:37.736412+02:00] installer.INFO: `ohrm_buzz_link` record count: 0 [] []
[2023-05-05T08:35:37.736937+02:00] installer.INFO: Deleting legacy Buzz config values [] []
[2023-05-05T08:35:37.764375+02:00] installer.INFO: Deleting: `buzz_comment_text_lenth` => `250` from `hs_hr_config` [] []
[2023-05-05T08:35:37.787209+02:00] installer.INFO: Deleting: `buzz_cookie_valid_time` => `5000` from `hs_hr_config` [] []
[2023-05-05T08:35:37.810501+02:00] installer.INFO: Deleting: `buzz_image_max_dimension` => `1024` from `hs_hr_config` [] []
[2023-05-05T08:35:37.832941+02:00] installer.INFO: Deleting: `buzz_initial_comments` => `2` from `hs_hr_config` [] []
[2023-05-05T08:35:37.856657+02:00] installer.INFO: Deleting: `buzz_like_count` => `5` from `hs_hr_config` [] []
[2023-05-05T08:35:37.882648+02:00] installer.INFO: Deleting: `buzz_max_notification_period` => `-1 week` from `hs_hr_config` [] []
[2023-05-05T08:35:37.904801+02:00] installer.INFO: Deleting: `buzz_most_like_posts` => `5` from `hs_hr_config` [] []
[2023-05-05T08:35:37.925481+02:00] installer.INFO: Deleting: `buzz_most_like_shares` => `5` from `hs_hr_config` [] []
[2023-05-05T08:35:37.947954+02:00] installer.INFO: Deleting: `buzz_post_text_lenth` => `500` from `hs_hr_config` [] []
[2023-05-05T08:35:37.969246+02:00] installer.INFO: Deleting: `buzz_post_text_lines` => `5` from `hs_hr_config` [] []
[2023-05-05T08:35:37.989648+02:00] installer.INFO: Deleting: `buzz_refresh_time` => `60000` from `hs_hr_config` [] []
[2023-05-05T08:35:38.010195+02:00] installer.INFO: Deleting: `buzz_share_count` => `10` from `hs_hr_config` [] []
[2023-05-05T08:35:38.037148+02:00] installer.INFO: Deleting: `buzz_time_format` => `h:i a` from `hs_hr_config` [] []
[2023-05-05T08:35:38.058120+02:00] installer.INFO: Deleting: `buzz_viewmore_comment` => `5` from `hs_hr_config` [] []
[2023-05-05T08:35:38.189471+02:00] installer.INFO: Matched route "{route}". {"route":"api_installer_instance_creation","route_parameters":{"_controller":"OrangeHRM\\Installer\\Controller\\Installer\\Api\\InstallationInstanceAPI::handle","_route":"api_installer_instance_creation"},"request_uri":"http://localhost/difmhrms/orangehrm-5.3/installer/index.php/installer/api/installation/instance","method":"POST"} []
[2023-05-05T08:35:38.240691+02:00] installer.INFO: Instance details: {"os":{"os":"Windows NT","release_name":"10.0","version_info":"build 22000 (Windows 11)"},"php":{"version":"8.2.4"},"mysql":{"client_version":"mysqlnd 8.2.4","server_version":"10.4.28-MariaDB","conn_type":"localhost via TCP\/IP"},"server":"Apache\/2.4.56 (Win64) OpenSSL\/1.1.1t PHP\/8.2.4","ohrm":{"version":"5.3"}} [] []
[2023-05-05T08:35:38.738830+02:00] installer.INFO: Matched route "{route}". {"route":"api_installer_database_user","route_parameters":{"_controller":"OrangeHRM\\Installer\\Controller\\Installer\\Api\\InstallationDatabaseUserAPI::handle","_route":"api_installer_database_user"},"request_uri":"http://localhost/difmhrms/orangehrm-5.3/installer/index.php/installer/api/installation/database-user","method":"POST"} []
[2023-05-05T08:35:38.870795+02:00] installer.INFO: Matched route "{route}". {"route":"api_installer_write_config","route_parameters":{"_controller":"OrangeHRM\\Installer\\Controller\\Installer\\Api\\ConfigFileAPI::handle","_route":"api_installer_write_config"},"request_uri":"http://localhost/difmhrms/orangehrm-5.3/installer/index.php/installer/api/installation/config-file","method":"POST"} []
[2023-05-05T08:36:16.464979+02:00] installer.INFO: Matched route "{route}". {"route":"installer_complete","route_parameters":{"_controller":"OrangeHRM\\Installer\\Controller\\Installer\\InstallerCompleteController::handle","_route":"installer_complete"},"request_uri":"http://localhost/difmhrms/orangehrm-5.3/installer/index.php/installer/complete","method":"GET"} []
[2023-05-05T08:36:16.487042+02:00] installer.INFO: OrangeHRM 5.3 status: true [] []
[2023-05-05T08:36:19.955581+02:00] installer.INFO: Matched route "{route}". {"route":"installer_home","route_parameters":{"_controller":"OrangeHRM\\Installer\\Controller\\HomeController::handle","_route":"installer_home"},"request_uri":"http://localhost/difmhrms/orangehrm-5.3/installer/index.php/","method":"GET"} []
